[0.228s] DEBUG:colcon:Command line arguments: ['/usr/bin/colcon', 'build', '--symlink-install', '--packages-select', 'msg_srv_action_interface_example']
[0.228s] DEBUG:colcon:Parsed command line arguments: Namespace(allow_overriding=[], ament_cmake_args=None, base_paths=['.'], build_base='build', catkin_cmake_args=None, catkin_skip_building_tests=False, cmake_args=None, cmake_clean_cache=False, cmake_clean_first=False, cmake_force_configure=False, cmake_target=None, cmake_target_skip_unavailable=False, continue_on_error=False, event_handlers=None, executor='parallel', ignore_user_meta=False, install_base='install', log_base=None, log_level=None, main=<bound method BuildVerb.main of <colcon_core.verb.build.BuildVerb object at 0x7fd365b2aac0>>, merge_install=False, metas=['./colcon.meta'], packages_above=None, packages_above_and_dependencies=None, packages_above_depth=None, packages_end=None, packages_ignore=None, packages_ignore_regex=None, packages_select=['msg_srv_action_interface_example'], packages_select_build_failed=False, packages_select_by_dep=None, packages_select_regex=None, packages_select_test_failures=False, packages_skip=None, packages_skip_build_finished=False, packages_skip_by_dep=None, packages_skip_regex=None, packages_skip_test_passed=False, packages_skip_up_to=None, packages_start=None, packages_up_to=None, packages_up_to_regex=None, parallel_workers=12, paths=None, symlink_install=True, test_result_base=None, verb_extension=<colcon_core.verb.build.BuildVerb object at 0x7fd365b2aac0>, verb_name='build', verb_parser=<colcon_defaults.argument_parser.defaults.DefaultArgumentsDecorator object at 0x7fd365b2afa0>)
[0.408s] Level 1:colcon.colcon_core.package_discovery:discover_packages(colcon_meta) check parameters
[0.409s] Level 1:colcon.colcon_core.package_discovery:discover_packages(recursive) check parameters
[0.409s] Level 1:colcon.colcon_core.package_discovery:discover_packages(ignore) check parameters
[0.409s] Level 1:colcon.colcon_core.package_discovery:discover_packages(path) check parameters
[0.409s] Level 1:colcon.colcon_core.package_discovery:discover_packages(colcon_meta) discover
[0.409s] Level 1:colcon.colcon_core.package_discovery:discover_packages(recursive) discover
[0.409s] INFO:colcon.colcon_core.package_discovery:Crawling recursively for packages in '/home/chad/ros2_ws/src'
[0.409s] Level 1:colcon.colcon_core.package_identification:_identify(.) by extensions ['ignore', 'ignore_ament_install']
[0.409s] Level 1:colcon.colcon_core.package_identification:_identify(.) by extension 'ignore'
[0.409s] Level 1:colcon.colcon_core.package_identification:_identify(.) by extension 'ignore_ament_install'
[0.409s] Level 1:colcon.colcon_core.package_identification:_identify(.) by extensions ['colcon_pkg']
[0.409s] Level 1:colcon.colcon_core.package_identification:_identify(.) by extension 'colcon_pkg'
[0.409s] Level 1:colcon.colcon_core.package_identification:_identify(.) by extensions ['colcon_meta']
[0.409s] Level 1:colcon.colcon_core.package_identification:_identify(.) by extension 'colcon_meta'
[0.409s] Level 1:colcon.colcon_core.package_identification:_identify(.) by extensions ['ros']
[0.409s] Level 1:colcon.colcon_core.package_identification:_identify(.) by extension 'ros'
[0.420s] Level 1:colcon.colcon_core.package_identification:_identify(.) by extensions ['cmake', 'python']
[0.421s] Level 1:colcon.colcon_core.package_identification:_identify(.) by extension 'cmake'
[0.421s] Level 1:colcon.colcon_core.package_identification:_identify(.) by extension 'python'
[0.421s] Level 1:colcon.colcon_core.package_identification:_identify(.) by extensions ['python_setup_py']
[0.421s] Level 1:colcon.colcon_core.package_identification:_identify(.) by extension 'python_setup_py'
[0.421s] Level 1:colcon.colcon_core.package_identification:_identify(build) by extensions ['ignore', 'ignore_ament_install']
[0.421s] Level 1:colcon.colcon_core.package_identification:_identify(build) by extension 'ignore'
[0.421s] Level 1:colcon.colcon_core.package_identification:_identify(build) ignored
[0.421s] Level 1:colcon.colcon_core.package_identification:_identify(install) by extensions ['ignore', 'ignore_ament_install']
[0.421s] Level 1:colcon.colcon_core.package_identification:_identify(install) by extension 'ignore'
[0.421s] Level 1:colcon.colcon_core.package_identification:_identify(install) ignored
[0.421s] Level 1:colcon.colcon_core.package_identification:_identify(log) by extensions ['ignore', 'ignore_ament_install']
[0.421s] Level 1:colcon.colcon_core.package_identification:_identify(log) by extension 'ignore'
[0.421s] Level 1:colcon.colcon_core.package_identification:_identify(log) ignored
[0.422s] Level 1:colcon.colcon_core.package_identification:_identify(msg_srv_action_interface_example) by extensions ['ignore', 'ignore_ament_install']
[0.422s] Level 1:colcon.colcon_core.package_identification:_identify(msg_srv_action_interface_example) by extension 'ignore'
[0.422s] Level 1:colcon.colcon_core.package_identification:_identify(msg_srv_action_interface_example) by extension 'ignore_ament_install'
[0.422s] Level 1:colcon.colcon_core.package_identification:_identify(msg_srv_action_interface_example) by extensions ['colcon_pkg']
[0.422s] Level 1:colcon.colcon_core.package_identification:_identify(msg_srv_action_interface_example) by extension 'colcon_pkg'
[0.422s] Level 1:colcon.colcon_core.package_identification:_identify(msg_srv_action_interface_example) by extensions ['colcon_meta']
[0.422s] Level 1:colcon.colcon_core.package_identification:_identify(msg_srv_action_interface_example) by extension 'colcon_meta'
[0.422s] Level 1:colcon.colcon_core.package_identification:_identify(msg_srv_action_interface_example) by extensions ['ros']
[0.422s] Level 1:colcon.colcon_core.package_identification:_identify(msg_srv_action_interface_example) by extension 'ros'
[0.424s] DEBUG:colcon.colcon_core.package_identification:Package 'msg_srv_action_interface_example' with type 'ros.ament_cmake' and name 'msg_srv_action_interface_example'
[0.425s] Level 1:colcon.colcon_core.package_identification:_identify(mujoco_sim_test) by extensions ['ignore', 'ignore_ament_install']
[0.425s] Level 1:colcon.colcon_core.package_identification:_identify(mujoco_sim_test) by extension 'ignore'
[0.425s] Level 1:colcon.colcon_core.package_identification:_identify(mujoco_sim_test) by extension 'ignore_ament_install'
[0.425s] Level 1:colcon.colcon_core.package_identification:_identify(mujoco_sim_test) by extensions ['colcon_pkg']
[0.425s] Level 1:colcon.colcon_core.package_identification:_identify(mujoco_sim_test) by extension 'colcon_pkg'
[0.425s] Level 1:colcon.colcon_core.package_identification:_identify(mujoco_sim_test) by extensions ['colcon_meta']
[0.425s] Level 1:colcon.colcon_core.package_identification:_identify(mujoco_sim_test) by extension 'colcon_meta'
[0.425s] Level 1:colcon.colcon_core.package_identification:_identify(mujoco_sim_test) by extensions ['ros']
[0.425s] Level 1:colcon.colcon_core.package_identification:_identify(mujoco_sim_test) by extension 'ros'
[0.426s] DEBUG:colcon.colcon_core.package_identification:Package 'mujoco_sim_test' with type 'ros.ament_cmake' and name 'mujoco_sim_test'
[0.426s] Level 1:colcon.colcon_core.package_discovery:discover_packages(recursive) using defaults
[0.426s] Level 1:colcon.colcon_core.package_discovery:discover_packages(ignore) discover
[0.426s] Level 1:colcon.colcon_core.package_discovery:discover_packages(ignore) using defaults
[0.426s] Level 1:colcon.colcon_core.package_discovery:discover_packages(path) discover
[0.426s] Level 1:colcon.colcon_core.package_discovery:discover_packages(path) using defaults
[0.441s] INFO:colcon.colcon_core.package_selection:Skipping not selected package 'mujoco_sim_test' in 'mujoco_sim_test'
[0.441s] Level 1:colcon.colcon_core.package_discovery:discover_packages(prefix_path) check parameters
[0.441s] Level 1:colcon.colcon_core.package_discovery:discover_packages(prefix_path) discover
[0.442s] WARNING:colcon.colcon_ros.prefix_path.ament:The path '/home/chad/ros2_ws/src/install/mujoco_sim_test' in the environment variable AMENT_PREFIX_PATH doesn't exist
[0.442s] WARNING:colcon.colcon_ros.prefix_path.catkin:The path '/home/chad/ros2_ws/src/install/mujoco_sim_test' in the environment variable CMAKE_PREFIX_PATH doesn't exist
[0.443s] DEBUG:colcon.colcon_installed_package_information.package_discovery:Found 0 installed packages in /home/chad/ros2_ws/src/install
[0.444s] DEBUG:colcon.colcon_installed_package_information.package_discovery:Found 256 installed packages in /opt/ros/foxy
[0.446s] Level 1:colcon.colcon_core.package_discovery:discover_packages(prefix_path) using defaults
[0.524s] Level 5:colcon.colcon_core.verb:set package 'msg_srv_action_interface_example' build argument 'cmake_args' from command line to 'None'
[0.525s] Level 5:colcon.colcon_core.verb:set package 'msg_srv_action_interface_example' build argument 'cmake_target' from command line to 'None'
[0.525s] Level 5:colcon.colcon_core.verb:set package 'msg_srv_action_interface_example' build argument 'cmake_target_skip_unavailable' from command line to 'False'
[0.525s] Level 5:colcon.colcon_core.verb:set package 'msg_srv_action_interface_example' build argument 'cmake_clean_cache' from command line to 'False'
[0.525s] Level 5:colcon.colcon_core.verb:set package 'msg_srv_action_interface_example' build argument 'cmake_clean_first' from command line to 'False'
[0.525s] Level 5:colcon.colcon_core.verb:set package 'msg_srv_action_interface_example' build argument 'cmake_force_configure' from command line to 'False'
[0.525s] Level 5:colcon.colcon_core.verb:set package 'msg_srv_action_interface_example' build argument 'ament_cmake_args' from command line to 'None'
[0.525s] Level 5:colcon.colcon_core.verb:set package 'msg_srv_action_interface_example' build argument 'catkin_cmake_args' from command line to 'None'
[0.525s] Level 5:colcon.colcon_core.verb:set package 'msg_srv_action_interface_example' build argument 'catkin_skip_building_tests' from command line to 'False'
[0.525s] DEBUG:colcon.colcon_core.verb:Building package 'msg_srv_action_interface_example' with the following arguments: {'ament_cmake_args': None, 'build_base': '/home/chad/ros2_ws/src/build/msg_srv_action_interface_example', 'catkin_cmake_args': None, 'catkin_skip_building_tests': False, 'cmake_args': None, 'cmake_clean_cache': False, 'cmake_clean_first': False, 'cmake_force_configure': False, 'cmake_target': None, 'cmake_target_skip_unavailable': False, 'install_base': '/home/chad/ros2_ws/src/install/msg_srv_action_interface_example', 'merge_install': False, 'path': '/home/chad/ros2_ws/src/msg_srv_action_interface_example', 'symlink_install': True, 'test_result_base': None}
[0.525s] INFO:colcon.colcon_core.executor:Executing jobs using 'parallel' executor
[0.526s] DEBUG:colcon.colcon_parallel_executor.executor.parallel:run_until_complete
[0.526s] INFO:colcon.colcon_ros.task.ament_cmake.build:Building ROS package in '/home/chad/ros2_ws/src/msg_srv_action_interface_example' with build type 'ament_cmake'
[0.526s] INFO:colcon.colcon_cmake.task.cmake.build:Building CMake package in '/home/chad/ros2_ws/src/msg_srv_action_interface_example'
[0.529s] INFO:colcon.colcon_core.plugin_system:Skipping extension 'colcon_core.shell.bat': Not used on non-Windows systems
[0.529s] INFO:colcon.colcon_core.shell:Skip shell extension 'powershell' for command environment: Not usable outside of PowerShell
[0.529s] DEBUG:colcon.colcon_core.shell:Skip shell extension 'dsv' for command environment
[0.544s] DEBUG:colcon.colcon_core.event_handler.log_command:Invoking command in '/home/chad/ros2_ws/src/build/msg_srv_action_interface_example': CMAKE_PREFIX_PATH=${CMAKE_PREFIX_PATH}:/opt/ros/foxy /usr/bin/cmake /home/chad/ros2_ws/src/msg_srv_action_interface_example -DAMENT_CMAKE_SYMLINK_INSTALL=1 -DCMAKE_INSTALL_PREFIX=/home/chad/ros2_ws/src/install/msg_srv_action_interface_example
[2.401s] DEBUG:colcon.colcon_core.event_handler.log_command:Invoked command in '/home/chad/ros2_ws/src/build/msg_srv_action_interface_example' returned '0': CMAKE_PREFIX_PATH=${CMAKE_PREFIX_PATH}:/opt/ros/foxy /usr/bin/cmake /home/chad/ros2_ws/src/msg_srv_action_interface_example -DAMENT_CMAKE_SYMLINK_INSTALL=1 -DCMAKE_INSTALL_PREFIX=/home/chad/ros2_ws/src/install/msg_srv_action_interface_example
[2.403s] DEBUG:colcon.colcon_core.event_handler.log_command:Invoking command in '/home/chad/ros2_ws/src/build/msg_srv_action_interface_example': CMAKE_PREFIX_PATH=${CMAKE_PREFIX_PATH}:/opt/ros/foxy /usr/bin/cmake --build /home/chad/ros2_ws/src/build/msg_srv_action_interface_example -- -j12 -l12
[7.631s] DEBUG:colcon.colcon_core.event_handler.log_command:Invoked command in '/home/chad/ros2_ws/src/build/msg_srv_action_interface_example' returned '0': CMAKE_PREFIX_PATH=${CMAKE_PREFIX_PATH}:/opt/ros/foxy /usr/bin/cmake --build /home/chad/ros2_ws/src/build/msg_srv_action_interface_example -- -j12 -l12
[7.752s] DEBUG:colcon.colcon_core.event_handler.log_command:Invoking command in '/home/chad/ros2_ws/src/build/msg_srv_action_interface_example': CMAKE_PREFIX_PATH=${CMAKE_PREFIX_PATH}:/opt/ros/foxy /usr/bin/cmake --install /home/chad/ros2_ws/src/build/msg_srv_action_interface_example
[8.931s] Level 1:colcon.colcon_core.environment:create_environment_scripts_only(msg_srv_action_interface_example)
[8.932s] DEBUG:colcon.colcon_core.event_handler.log_command:Invoked command in '/home/chad/ros2_ws/src/build/msg_srv_action_interface_example' returned '0': CMAKE_PREFIX_PATH=${CMAKE_PREFIX_PATH}:/opt/ros/foxy /usr/bin/cmake --install /home/chad/ros2_ws/src/build/msg_srv_action_interface_example
[8.937s] Level 1:colcon.colcon_core.environment:checking '/home/chad/ros2_ws/src/install/msg_srv_action_interface_example' for CMake module files
[8.938s] Level 1:colcon.colcon_core.environment:checking '/home/chad/ros2_ws/src/install/msg_srv_action_interface_example' for CMake config files
[8.939s] Level 1:colcon.colcon_core.shell:create_environment_hook('msg_srv_action_interface_example', 'cmake_prefix_path')
[8.939s] INFO:colcon.colcon_core.shell:Creating environment hook '/home/chad/ros2_ws/src/install/msg_srv_action_interface_example/share/msg_srv_action_interface_example/hook/cmake_prefix_path.ps1'
[8.941s] INFO:colcon.colcon_core.shell:Creating environment descriptor '/home/chad/ros2_ws/src/install/msg_srv_action_interface_example/share/msg_srv_action_interface_example/hook/cmake_prefix_path.dsv'
[8.942s] INFO:colcon.colcon_core.shell:Creating environment hook '/home/chad/ros2_ws/src/install/msg_srv_action_interface_example/share/msg_srv_action_interface_example/hook/cmake_prefix_path.sh'
[8.944s] Level 1:colcon.colcon_core.environment:checking '/home/chad/ros2_ws/src/install/msg_srv_action_interface_example/lib'
[8.944s] Level 1:colcon.colcon_core.shell:create_environment_hook('msg_srv_action_interface_example', 'ld_library_path_lib')
[8.944s] INFO:colcon.colcon_core.shell:Creating environment hook '/home/chad/ros2_ws/src/install/msg_srv_action_interface_example/share/msg_srv_action_interface_example/hook/ld_library_path_lib.ps1'
[8.945s] INFO:colcon.colcon_core.shell:Creating environment descriptor '/home/chad/ros2_ws/src/install/msg_srv_action_interface_example/share/msg_srv_action_interface_example/hook/ld_library_path_lib.dsv'
[8.945s] INFO:colcon.colcon_core.shell:Creating environment hook '/home/chad/ros2_ws/src/install/msg_srv_action_interface_example/share/msg_srv_action_interface_example/hook/ld_library_path_lib.sh'
[8.946s] Level 1:colcon.colcon_core.environment:checking '/home/chad/ros2_ws/src/install/msg_srv_action_interface_example/bin'
[8.946s] Level 1:colcon.colcon_core.environment:checking '/home/chad/ros2_ws/src/install/msg_srv_action_interface_example/lib/pkgconfig/msg_srv_action_interface_example.pc'
[8.946s] Level 1:colcon.colcon_core.environment:checking '/home/chad/ros2_ws/src/install/msg_srv_action_interface_example/lib/python3.8/site-packages'
[8.946s] Level 1:colcon.colcon_core.shell:create_environment_hook('msg_srv_action_interface_example', 'pythonpath')
[8.946s] INFO:colcon.colcon_core.shell:Creating environment hook '/home/chad/ros2_ws/src/install/msg_srv_action_interface_example/share/msg_srv_action_interface_example/hook/pythonpath.ps1'
[8.947s] INFO:colcon.colcon_core.shell:Creating environment descriptor '/home/chad/ros2_ws/src/install/msg_srv_action_interface_example/share/msg_srv_action_interface_example/hook/pythonpath.dsv'
[8.947s] INFO:colcon.colcon_core.shell:Creating environment hook '/home/chad/ros2_ws/src/install/msg_srv_action_interface_example/share/msg_srv_action_interface_example/hook/pythonpath.sh'
[8.948s] Level 1:colcon.colcon_core.environment:checking '/home/chad/ros2_ws/src/install/msg_srv_action_interface_example/bin'
[8.948s] INFO:colcon.colcon_core.shell:Creating package script '/home/chad/ros2_ws/src/install/msg_srv_action_interface_example/share/msg_srv_action_interface_example/package.ps1'
[8.949s] INFO:colcon.colcon_core.shell:Creating package descriptor '/home/chad/ros2_ws/src/install/msg_srv_action_interface_example/share/msg_srv_action_interface_example/package.dsv'
[8.950s] INFO:colcon.colcon_core.shell:Creating package script '/home/chad/ros2_ws/src/install/msg_srv_action_interface_example/share/msg_srv_action_interface_example/package.sh'
[8.950s] INFO:colcon.colcon_core.shell:Creating package script '/home/chad/ros2_ws/src/install/msg_srv_action_interface_example/share/msg_srv_action_interface_example/package.bash'
[8.951s] INFO:colcon.colcon_core.shell:Creating package script '/home/chad/ros2_ws/src/install/msg_srv_action_interface_example/share/msg_srv_action_interface_example/package.zsh'
[8.952s] Level 1:colcon.colcon_core.environment:create_file_with_runtime_dependencies(/home/chad/ros2_ws/src/install/msg_srv_action_interface_example/share/colcon-core/packages/msg_srv_action_interface_example)
[9.055s] Level 1:colcon.colcon_core.environment:create_environment_scripts_only(msg_srv_action_interface_example)
[9.056s] Level 1:colcon.colcon_core.environment:checking '/home/chad/ros2_ws/src/install/msg_srv_action_interface_example' for CMake module files
[9.057s] Level 1:colcon.colcon_core.environment:checking '/home/chad/ros2_ws/src/install/msg_srv_action_interface_example' for CMake config files
[9.058s] Level 1:colcon.colcon_core.shell:create_environment_hook('msg_srv_action_interface_example', 'cmake_prefix_path')
[9.059s] INFO:colcon.colcon_core.shell:Creating environment hook '/home/chad/ros2_ws/src/install/msg_srv_action_interface_example/share/msg_srv_action_interface_example/hook/cmake_prefix_path.ps1'
[9.060s] INFO:colcon.colcon_core.shell:Creating environment descriptor '/home/chad/ros2_ws/src/install/msg_srv_action_interface_example/share/msg_srv_action_interface_example/hook/cmake_prefix_path.dsv'
[9.060s] INFO:colcon.colcon_core.shell:Creating environment hook '/home/chad/ros2_ws/src/install/msg_srv_action_interface_example/share/msg_srv_action_interface_example/hook/cmake_prefix_path.sh'
[9.061s] Level 1:colcon.colcon_core.environment:checking '/home/chad/ros2_ws/src/install/msg_srv_action_interface_example/lib'
[9.061s] Level 1:colcon.colcon_core.shell:create_environment_hook('msg_srv_action_interface_example', 'ld_library_path_lib')
[9.062s] INFO:colcon.colcon_core.shell:Creating environment hook '/home/chad/ros2_ws/src/install/msg_srv_action_interface_example/share/msg_srv_action_interface_example/hook/ld_library_path_lib.ps1'
[9.062s] INFO:colcon.colcon_core.shell:Creating environment descriptor '/home/chad/ros2_ws/src/install/msg_srv_action_interface_example/share/msg_srv_action_interface_example/hook/ld_library_path_lib.dsv'
[9.063s] INFO:colcon.colcon_core.shell:Creating environment hook '/home/chad/ros2_ws/src/install/msg_srv_action_interface_example/share/msg_srv_action_interface_example/hook/ld_library_path_lib.sh'
[9.064s] Level 1:colcon.colcon_core.environment:checking '/home/chad/ros2_ws/src/install/msg_srv_action_interface_example/bin'
[9.064s] Level 1:colcon.colcon_core.environment:checking '/home/chad/ros2_ws/src/install/msg_srv_action_interface_example/lib/pkgconfig/msg_srv_action_interface_example.pc'
[9.064s] Level 1:colcon.colcon_core.environment:checking '/home/chad/ros2_ws/src/install/msg_srv_action_interface_example/lib/python3.8/site-packages'
[9.064s] Level 1:colcon.colcon_core.shell:create_environment_hook('msg_srv_action_interface_example', 'pythonpath')
[9.065s] INFO:colcon.colcon_core.shell:Creating environment hook '/home/chad/ros2_ws/src/install/msg_srv_action_interface_example/share/msg_srv_action_interface_example/hook/pythonpath.ps1'
[9.065s] INFO:colcon.colcon_core.shell:Creating environment descriptor '/home/chad/ros2_ws/src/install/msg_srv_action_interface_example/share/msg_srv_action_interface_example/hook/pythonpath.dsv'
[9.066s] INFO:colcon.colcon_core.shell:Creating environment hook '/home/chad/ros2_ws/src/install/msg_srv_action_interface_example/share/msg_srv_action_interface_example/hook/pythonpath.sh'
[9.067s] Level 1:colcon.colcon_core.environment:checking '/home/chad/ros2_ws/src/install/msg_srv_action_interface_example/bin'
[9.068s] INFO:colcon.colcon_core.shell:Creating package script '/home/chad/ros2_ws/src/install/msg_srv_action_interface_example/share/msg_srv_action_interface_example/package.ps1'
[9.068s] INFO:colcon.colcon_core.shell:Creating package descriptor '/home/chad/ros2_ws/src/install/msg_srv_action_interface_example/share/msg_srv_action_interface_example/package.dsv'
[9.069s] INFO:colcon.colcon_core.shell:Creating package script '/home/chad/ros2_ws/src/install/msg_srv_action_interface_example/share/msg_srv_action_interface_example/package.sh'
[9.069s] INFO:colcon.colcon_core.shell:Creating package script '/home/chad/ros2_ws/src/install/msg_srv_action_interface_example/share/msg_srv_action_interface_example/package.bash'
[9.070s] INFO:colcon.colcon_core.shell:Creating package script '/home/chad/ros2_ws/src/install/msg_srv_action_interface_example/share/msg_srv_action_interface_example/package.zsh'
[9.070s] Level 1:colcon.colcon_core.environment:create_file_with_runtime_dependencies(/home/chad/ros2_ws/src/install/msg_srv_action_interface_example/share/colcon-core/packages/msg_srv_action_interface_example)
[9.071s] DEBUG:colcon.colcon_parallel_executor.executor.parallel:closing loop
[9.071s] DEBUG:colcon.colcon_parallel_executor.executor.parallel:loop closed
[9.071s] DEBUG:colcon.colcon_parallel_executor.executor.parallel:run_until_complete finished with '0'
[9.072s] DEBUG:colcon.colcon_core.event_reactor:joining thread
[9.083s] INFO:colcon.colcon_core.plugin_system:Skipping extension 'colcon_notification.desktop_notification.terminal_notifier': Not used on non-Darwin systems
[9.083s] INFO:colcon.colcon_core.plugin_system:Skipping extension 'colcon_notification.desktop_notification.win32': Not used on non-Windows systems
[9.083s] INFO:colcon.colcon_notification.desktop_notification:Sending desktop notification using 'notify2'
[9.108s] DEBUG:colcon.colcon_core.event_reactor:joined thread
[9.109s] INFO:colcon.colcon_core.shell:Creating prefix script '/home/chad/ros2_ws/src/install/local_setup.ps1'
[9.110s] INFO:colcon.colcon_core.shell:Creating prefix util module '/home/chad/ros2_ws/src/install/_local_setup_util_ps1.py'
[9.111s] INFO:colcon.colcon_core.shell:Creating prefix chain script '/home/chad/ros2_ws/src/install/setup.ps1'
[9.112s] INFO:colcon.colcon_core.shell:Creating prefix script '/home/chad/ros2_ws/src/install/local_setup.sh'
[9.113s] INFO:colcon.colcon_core.shell:Creating prefix util module '/home/chad/ros2_ws/src/install/_local_setup_util_sh.py'
[9.113s] INFO:colcon.colcon_core.shell:Creating prefix chain script '/home/chad/ros2_ws/src/install/setup.sh'
[9.114s] INFO:colcon.colcon_core.shell:Creating prefix script '/home/chad/ros2_ws/src/install/local_setup.bash'
[9.115s] INFO:colcon.colcon_core.shell:Creating prefix chain script '/home/chad/ros2_ws/src/install/setup.bash'
[9.116s] INFO:colcon.colcon_core.shell:Creating prefix script '/home/chad/ros2_ws/src/install/local_setup.zsh'
[9.116s] INFO:colcon.colcon_core.shell:Creating prefix chain script '/home/chad/ros2_ws/src/install/setup.zsh'
