[0.016s] Invoking command in '/home/chad/ros2_ws/src/build/msg_srv_action_interface_example': CMAKE_PREFIX_PATH=${CMAKE_PREFIX_PATH}:/opt/ros/foxy /usr/bin/cmake /home/chad/ros2_ws/src/msg_srv_action_interface_example -DAMENT_CMAKE_SYMLINK_INSTALL=1 -DCMAKE_INSTALL_PREFIX=/home/chad/ros2_ws/src/install/msg_srv_action_interface_example
[0.091s] -- The C compiler identification is GNU 9.4.0
[0.171s] -- The CXX compiler identification is GNU 9.4.0
[0.177s] -- Check for working C compiler: /usr/bin/cc
[0.283s] -- Check for working C compiler: /usr/bin/cc -- works
[0.284s] -- Detecting C compiler ABI info
[0.392s] -- Detecting C compiler ABI info - done
[0.405s] -- Detecting C compile features
[0.405s] -- Detecting C compile features - done
[0.408s] -- Check for working CXX compiler: /usr/bin/c++
[0.529s] -- Check for working CXX compiler: /usr/bin/c++ -- works
[0.530s] -- Detecting CXX compiler ABI info
[0.638s] -- Detecting CXX compiler ABI info - done
[0.652s] -- Detecting CXX compile features
[0.653s] -- Detecting CXX compile features - done
[0.655s] -- Found ament_cmake: 0.9.12 (/opt/ros/foxy/share/ament_cmake/cmake)
[0.689s] -- Found PythonInterp: /usr/bin/python3 (found suitable version "3.8.10", minimum required is "3") 
[0.689s] -- Using PYTHON_EXECUTABLE: /usr/bin/python3
[0.901s] -- Override CMake install command with custom implementation using symlinks instead of copying resources
[0.928s] -- Found builtin_interfaces: 1.0.0 (/opt/ros/foxy/share/builtin_interfaces/cmake)
[0.955s] -- Using all available rosidl_typesupport_c: rosidl_typesupport_fastrtps_c;rosidl_typesupport_introspection_c
[0.961s] -- Found rosidl_adapter: 1.3.1 (/opt/ros/foxy/share/rosidl_adapter/cmake)
[1.052s] -- Found OpenSSL: /usr/lib/x86_64-linux-gnu/libcrypto.so (found version "1.1.1f")  
[1.079s] -- Found FastRTPS: /opt/ros/foxy/include  
[1.146s] -- Using all available rosidl_typesupport_cpp: rosidl_typesupport_fastrtps_cpp;rosidl_typesupport_introspection_cpp
[1.177s] -- Found rosidl_default_generators: 1.0.1 (/opt/ros/foxy/share/rosidl_default_generators/cmake)
[1.219s] -- Found PythonInterp: /usr/bin/python3 (found version "3.8.10") 
[1.445s] -- Found ament_cmake_ros: 0.9.2 (/opt/ros/foxy/share/ament_cmake_ros/cmake)
[1.555s] -- Using all available rosidl_typesupport_c: rosidl_typesupport_fastrtps_c;rosidl_typesupport_introspection_c
[1.582s] -- Using all available rosidl_typesupport_cpp: rosidl_typesupport_fastrtps_cpp;rosidl_typesupport_introspection_cpp
[1.614s] -- Found PythonInterp: /usr/bin/python3 (found suitable version "3.8.10", minimum required is "3.5") 
[1.616s] -- Found python_cmake_module: 0.8.1 (/opt/ros/foxy/share/python_cmake_module/cmake)
[1.657s] -- Found PythonLibs: /usr/lib/x86_64-linux-gnu/libpython3.8.so (found suitable version "3.8.10", minimum required is "3.5") 
[1.658s] -- Using PYTHON_EXECUTABLE: /usr/bin/python3
[1.658s] -- Using PYTHON_INCLUDE_DIRS: /usr/include/python3.8
[1.658s] -- Using PYTHON_LIBRARIES: /usr/lib/x86_64-linux-gnu/libpython3.8.so
[1.688s] -- Found PythonExtra: .so  
[1.773s] -- Configuring done
[1.853s] -- Generating done
[1.858s] -- Build files have been written to: /home/chad/ros2_ws/src/build/msg_srv_action_interface_example
[1.873s] Invoked command in '/home/chad/ros2_ws/src/build/msg_srv_action_interface_example' returned '0': CMAKE_PREFIX_PATH=${CMAKE_PREFIX_PATH}:/opt/ros/foxy /usr/bin/cmake /home/chad/ros2_ws/src/msg_srv_action_interface_example -DAMENT_CMAKE_SYMLINK_INSTALL=1 -DCMAKE_INSTALL_PREFIX=/home/chad/ros2_ws/src/install/msg_srv_action_interface_example
[1.876s] Invoking command in '/home/chad/ros2_ws/src/build/msg_srv_action_interface_example': CMAKE_PREFIX_PATH=${CMAKE_PREFIX_PATH}:/opt/ros/foxy /usr/bin/cmake --build /home/chad/ros2_ws/src/build/msg_srv_action_interface_example -- -j12 -l12
[1.933s] [  2%] [34m[1mGenerating C code for ROS interfaces[0m
[1.933s] [35m[1mScanning dependencies of target msg_srv_action_interface_example__cpp[0m
[1.945s] [  4%] [34m[1mGenerating C++ code for ROS interfaces[0m
[2.548s] [  4%] Built target msg_srv_action_interface_example__cpp
[2.564s] [  6%] [34m[1mGenerating C++ introspection for ROS interfaces[0m
[2.564s] [  8%] [34m[1mGenerating C++ type support dispatch for ROS interfaces[0m
[2.566s] [ 10%] [34m[1mGenerating C++ type support for eProsima Fast-RTPS[0m
[2.576s] [35m[1mScanning dependencies of target msg_srv_action_interface_example__rosidl_generator_c[0m
[2.592s] [ 12%] [32mBuilding C object CMakeFiles/msg_srv_action_interface_example__rosidl_generator_c.dir/rosidl_generator_c/msg_srv_action_interface_example/srv/detail/arithmetic_operator__functions.c.o[0m
[2.594s] [ 14%] [32mBuilding C object CMakeFiles/msg_srv_action_interface_example__rosidl_generator_c.dir/rosidl_generator_c/msg_srv_action_interface_example/action/detail/arithmetic_checker__functions.c.o[0m
[2.594s] [ 17%] [32mBuilding C object CMakeFiles/msg_srv_action_interface_example__rosidl_generator_c.dir/rosidl_generator_c/msg_srv_action_interface_example/msg/detail/arithmetic_argument__functions.c.o[0m
[2.800s] [ 19%] [32m[1mLinking C shared library libmsg_srv_action_interface_example__rosidl_generator_c.so[0m
[2.855s] [ 19%] Built target msg_srv_action_interface_example__rosidl_generator_c
[2.867s] [ 21%] [34m[1mGenerating C type support dispatch for ROS interfaces[0m
[2.870s] [ 23%] [34m[1mGenerating C introspection for ROS interfaces[0m
[3.029s] [35m[1mScanning dependencies of target msg_srv_action_interface_example__rosidl_typesupport_introspection_cpp[0m
[3.032s] [35m[1mScanning dependencies of target msg_srv_action_interface_example__rosidl_typesupport_cpp[0m
[3.048s] [ 29%] [32mBuilding CXX object CMakeFiles/msg_srv_action_interface_example__rosidl_typesupport_introspection_cpp.dir/rosidl_typesupport_introspection_cpp/msg_srv_action_interface_example/srv/detail/arithmetic_operator__type_support.cpp.o[0m
[3.049s] [ 29%] [32mBuilding CXX object CMakeFiles/msg_srv_action_interface_example__rosidl_typesupport_introspection_cpp.dir/rosidl_typesupport_introspection_cpp/msg_srv_action_interface_example/action/detail/arithmetic_checker__type_support.cpp.o[0m
[3.049s] [ 29%] [32mBuilding CXX object CMakeFiles/msg_srv_action_interface_example__rosidl_typesupport_introspection_cpp.dir/rosidl_typesupport_introspection_cpp/msg_srv_action_interface_example/msg/detail/arithmetic_argument__type_support.cpp.o[0m
[3.054s] [ 34%] [32mBuilding CXX object CMakeFiles/msg_srv_action_interface_example__rosidl_typesupport_cpp.dir/rosidl_typesupport_cpp/msg_srv_action_interface_example/msg/arithmetic_argument__type_support.cpp.o[0m
[3.054s] [ 34%] [32mBuilding CXX object CMakeFiles/msg_srv_action_interface_example__rosidl_typesupport_cpp.dir/rosidl_typesupport_cpp/msg_srv_action_interface_example/srv/arithmetic_operator__type_support.cpp.o[0m
[3.059s] [ 36%] [32mBuilding CXX object CMakeFiles/msg_srv_action_interface_example__rosidl_typesupport_cpp.dir/rosidl_typesupport_cpp/msg_srv_action_interface_example/action/arithmetic_checker__type_support.cpp.o[0m
[3.181s] [35m[1mScanning dependencies of target msg_srv_action_interface_example__rosidl_typesupport_fastrtps_cpp[0m
[3.230s] [ 38%] [32mBuilding CXX object CMakeFiles/msg_srv_action_interface_example__rosidl_typesupport_fastrtps_cpp.dir/rosidl_typesupport_fastrtps_cpp/msg_srv_action_interface_example/action/detail/dds_fastrtps/arithmetic_checker__type_support.cpp.o[0m
[3.235s] [ 40%] [32mBuilding CXX object CMakeFiles/msg_srv_action_interface_example__rosidl_typesupport_fastrtps_cpp.dir/rosidl_typesupport_fastrtps_cpp/msg_srv_action_interface_example/msg/detail/dds_fastrtps/arithmetic_argument__type_support.cpp.o[0m
[3.244s] [ 42%] [32mBuilding CXX object CMakeFiles/msg_srv_action_interface_example__rosidl_typesupport_fastrtps_cpp.dir/rosidl_typesupport_fastrtps_cpp/msg_srv_action_interface_example/srv/detail/dds_fastrtps/arithmetic_operator__type_support.cpp.o[0m
[3.503s] [35m[1mScanning dependencies of target msg_srv_action_interface_example__rosidl_typesupport_c[0m
[3.526s] [ 44%] [32mBuilding CXX object CMakeFiles/msg_srv_action_interface_example__rosidl_typesupport_c.dir/rosidl_typesupport_c/msg_srv_action_interface_example/msg/arithmetic_argument__type_support.cpp.o[0m
[3.564s] [ 46%] [32mBuilding CXX object CMakeFiles/msg_srv_action_interface_example__rosidl_typesupport_c.dir/rosidl_typesupport_c/msg_srv_action_interface_example/srv/arithmetic_operator__type_support.cpp.o[0m
[3.574s] [ 48%] [32mBuilding CXX object CMakeFiles/msg_srv_action_interface_example__rosidl_typesupport_c.dir/rosidl_typesupport_c/msg_srv_action_interface_example/action/arithmetic_checker__type_support.cpp.o[0m
[3.654s] [ 51%] [32m[1mLinking CXX shared library libmsg_srv_action_interface_example__rosidl_typesupport_c.so[0m
[3.659s] [ 53%] [32m[1mLinking CXX shared library libmsg_srv_action_interface_example__rosidl_typesupport_cpp.so[0m
[3.660s] [35m[1mScanning dependencies of target msg_srv_action_interface_example__rosidl_typesupport_introspection_c[0m
[3.685s] [ 57%] [32mBuilding C object CMakeFiles/msg_srv_action_interface_example__rosidl_typesupport_introspection_c.dir/rosidl_typesupport_introspection_c/msg_srv_action_interface_example/srv/detail/arithmetic_operator__type_support.c.o[0m
[3.686s] [ 57%] [32mBuilding C object CMakeFiles/msg_srv_action_interface_example__rosidl_typesupport_introspection_c.dir/rosidl_typesupport_introspection_c/msg_srv_action_interface_example/msg/detail/arithmetic_argument__type_support.c.o[0m
[3.686s] [ 59%] [32mBuilding C object CMakeFiles/msg_srv_action_interface_example__rosidl_typesupport_introspection_c.dir/rosidl_typesupport_introspection_c/msg_srv_action_interface_example/action/detail/arithmetic_checker__type_support.c.o[0m
[3.718s] [ 59%] Built target msg_srv_action_interface_example__rosidl_typesupport_c
[3.728s] [ 59%] Built target msg_srv_action_interface_example__rosidl_typesupport_cpp
[3.749s] [ 61%] [32m[1mLinking C shared library libmsg_srv_action_interface_example__rosidl_typesupport_introspection_c.so[0m
[3.776s] [ 63%] [32m[1mLinking CXX shared library libmsg_srv_action_interface_example__rosidl_typesupport_introspection_cpp.so[0m
[3.787s] [ 63%] Built target msg_srv_action_interface_example__rosidl_typesupport_introspection_c
[3.865s] [ 63%] Built target msg_srv_action_interface_example__rosidl_typesupport_introspection_cpp
[4.029s] [ 65%] [32m[1mLinking CXX shared library libmsg_srv_action_interface_example__rosidl_typesupport_fastrtps_cpp.so[0m
[4.127s] [ 65%] Built target msg_srv_action_interface_example__rosidl_typesupport_fastrtps_cpp
[4.144s] [ 68%] [34m[1mGenerating C type support for eProsima Fast-RTPS[0m
[4.654s] [35m[1mScanning dependencies of target msg_srv_action_interface_example__rosidl_typesupport_fastrtps_c[0m
[4.680s] [ 70%] [32mBuilding CXX object CMakeFiles/msg_srv_action_interface_example__rosidl_typesupport_fastrtps_c.dir/rosidl_typesupport_fastrtps_c/msg_srv_action_interface_example/action/detail/arithmetic_checker__type_support_c.cpp.o[0m
[4.682s] [ 72%] [32mBuilding CXX object CMakeFiles/msg_srv_action_interface_example__rosidl_typesupport_fastrtps_c.dir/rosidl_typesupport_fastrtps_c/msg_srv_action_interface_example/srv/detail/arithmetic_operator__type_support_c.cpp.o[0m
[4.685s] [ 74%] [32mBuilding CXX object CMakeFiles/msg_srv_action_interface_example__rosidl_typesupport_fastrtps_c.dir/rosidl_typesupport_fastrtps_c/msg_srv_action_interface_example/msg/detail/arithmetic_argument__type_support_c.cpp.o[0m
[5.137s] [ 76%] [32m[1mLinking CXX shared library libmsg_srv_action_interface_example__rosidl_typesupport_fastrtps_c.so[0m
[5.262s] [ 76%] Built target msg_srv_action_interface_example__rosidl_typesupport_fastrtps_c
[5.280s] [35m[1mScanning dependencies of target msg_srv_action_interface_example[0m
[5.294s] [ 76%] Built target msg_srv_action_interface_example
[5.311s] [35m[1mScanning dependencies of target msg_srv_action_interface_example__py[0m
[5.329s] [ 78%] [34m[1mGenerating Python code for ROS interfaces[0m
[6.559s] [ 78%] Built target msg_srv_action_interface_example__py
[6.577s] [35m[1mScanning dependencies of target msg_srv_action_interface_example__python[0m
[6.606s] [ 80%] [32mBuilding C object CMakeFiles/msg_srv_action_interface_example__python.dir/rosidl_generator_py/msg_srv_action_interface_example/msg/_arithmetic_argument_s.c.o[0m
[6.611s] [ 85%] [32mBuilding C object CMakeFiles/msg_srv_action_interface_example__python.dir/rosidl_generator_py/msg_srv_action_interface_example/srv/_arithmetic_operator_s.c.o[0m
[6.612s] [ 85%] [32mBuilding C object CMakeFiles/msg_srv_action_interface_example__python.dir/rosidl_generator_py/msg_srv_action_interface_example/action/_arithmetic_checker_s.c.o[0m
[6.772s] [ 87%] [32m[1mLinking C shared library rosidl_generator_py/msg_srv_action_interface_example/libmsg_srv_action_interface_example__python.so[0m
[6.832s] [ 87%] Built target msg_srv_action_interface_example__python
[6.845s] [35m[1mScanning dependencies of target msg_srv_action_interface_example__rosidl_typesupport_c__pyext[0m
[6.846s] [35m[1mScanning dependencies of target msg_srv_action_interface_example__rosidl_typesupport_introspection_c__pyext[0m
[6.847s] [35m[1mScanning dependencies of target msg_srv_action_interface_example__rosidl_typesupport_fastrtps_c__pyext[0m
[6.868s] [ 89%] [32mBuilding C object CMakeFiles/msg_srv_action_interface_example__rosidl_typesupport_c__pyext.dir/rosidl_generator_py/msg_srv_action_interface_example/_msg_srv_action_interface_example_s.ep.rosidl_typesupport_c.c.o[0m
[6.872s] [ 91%] [32mBuilding C object CMakeFiles/msg_srv_action_interface_example__rosidl_typesupport_introspection_c__pyext.dir/rosidl_generator_py/msg_srv_action_interface_example/_msg_srv_action_interface_example_s.ep.rosidl_typesupport_introspection_c.c.o[0m
[6.874s] [ 93%] [32mBuilding C object CMakeFiles/msg_srv_action_interface_example__rosidl_typesupport_fastrtps_c__pyext.dir/rosidl_generator_py/msg_srv_action_interface_example/_msg_srv_action_interface_example_s.ep.rosidl_typesupport_fastrtps_c.c.o[0m
[6.994s] [ 95%] [32m[1mLinking C shared library rosidl_generator_py/msg_srv_action_interface_example/msg_srv_action_interface_example_s__rosidl_typesupport_c.cpython-38-x86_64-linux-gnu.so[0m
[6.996s] [ 97%] [32m[1mLinking CXX shared library rosidl_generator_py/msg_srv_action_interface_example/msg_srv_action_interface_example_s__rosidl_typesupport_fastrtps_c.cpython-38-x86_64-linux-gnu.so[0m
[7.003s] [100%] [32m[1mLinking C shared library rosidl_generator_py/msg_srv_action_interface_example/msg_srv_action_interface_example_s__rosidl_typesupport_introspection_c.cpython-38-x86_64-linux-gnu.so[0m
[7.052s] [100%] Built target msg_srv_action_interface_example__rosidl_typesupport_c__pyext
[7.065s] [100%] Built target msg_srv_action_interface_example__rosidl_typesupport_introspection_c__pyext
[7.084s] [100%] Built target msg_srv_action_interface_example__rosidl_typesupport_fastrtps_c__pyext
[7.104s] Invoked command in '/home/chad/ros2_ws/src/build/msg_srv_action_interface_example' returned '0': CMAKE_PREFIX_PATH=${CMAKE_PREFIX_PATH}:/opt/ros/foxy /usr/bin/cmake --build /home/chad/ros2_ws/src/build/msg_srv_action_interface_example -- -j12 -l12
[7.224s] Invoking command in '/home/chad/ros2_ws/src/build/msg_srv_action_interface_example': CMAKE_PREFIX_PATH=${CMAKE_PREFIX_PATH}:/opt/ros/foxy /usr/bin/cmake --install /home/chad/ros2_ws/src/build/msg_srv_action_interface_example
[7.237s] -- Install configuration: ""
[7.237s] -- Execute custom install script
[7.238s] -- Symlinking: /home/chad/ros2_ws/src/install/msg_srv_action_interface_example/share/ament_index/resource_index/rosidl_interfaces/msg_srv_action_interface_example
[7.252s] -- Symlinking: /home/chad/ros2_ws/src/install/msg_srv_action_interface_example/include/msg_srv_action_interface_example/action/arithmetic_checker.h
[7.267s] -- Symlinking: /home/chad/ros2_ws/src/install/msg_srv_action_interface_example/include/msg_srv_action_interface_example/action/detail/arithmetic_checker__functions.h
[7.277s] -- Symlinking: /home/chad/ros2_ws/src/install/msg_srv_action_interface_example/include/msg_srv_action_interface_example/action/detail/arithmetic_checker__struct.h
[7.287s] -- Symlinking: /home/chad/ros2_ws/src/install/msg_srv_action_interface_example/include/msg_srv_action_interface_example/action/detail/arithmetic_checker__type_support.h
[7.296s] -- Symlinking: /home/chad/ros2_ws/src/install/msg_srv_action_interface_example/include/msg_srv_action_interface_example/msg/arithmetic_argument.h
[7.305s] -- Symlinking: /home/chad/ros2_ws/src/install/msg_srv_action_interface_example/include/msg_srv_action_interface_example/msg/detail/arithmetic_argument__functions.h
[7.317s] -- Symlinking: /home/chad/ros2_ws/src/install/msg_srv_action_interface_example/include/msg_srv_action_interface_example/msg/detail/arithmetic_argument__struct.h
[7.328s] -- Symlinking: /home/chad/ros2_ws/src/install/msg_srv_action_interface_example/include/msg_srv_action_interface_example/msg/detail/arithmetic_argument__type_support.h
[7.343s] -- Symlinking: /home/chad/ros2_ws/src/install/msg_srv_action_interface_example/include/msg_srv_action_interface_example/msg/rosidl_generator_c__visibility_control.h
[7.358s] -- Symlinking: /home/chad/ros2_ws/src/install/msg_srv_action_interface_example/include/msg_srv_action_interface_example/srv/arithmetic_operator.h
[7.373s] -- Symlinking: /home/chad/ros2_ws/src/install/msg_srv_action_interface_example/include/msg_srv_action_interface_example/srv/detail/arithmetic_operator__functions.h
[7.383s] -- Symlinking: /home/chad/ros2_ws/src/install/msg_srv_action_interface_example/include/msg_srv_action_interface_example/srv/detail/arithmetic_operator__struct.h
[7.393s] -- Symlinking: /home/chad/ros2_ws/src/install/msg_srv_action_interface_example/include/msg_srv_action_interface_example/srv/detail/arithmetic_operator__type_support.h
[7.404s] -- Symlinking: /home/chad/ros2_ws/src/install/msg_srv_action_interface_example/share/msg_srv_action_interface_example/environment/library_path.sh
[7.416s] -- Symlinking: /home/chad/ros2_ws/src/install/msg_srv_action_interface_example/share/msg_srv_action_interface_example/environment/library_path.dsv
[7.429s] -- Symlinking: /home/chad/ros2_ws/src/install/msg_srv_action_interface_example/include/msg_srv_action_interface_example/action/detail/arithmetic_checker__rosidl_typesupport_fastrtps_c.h
[7.439s] -- Symlinking: /home/chad/ros2_ws/src/install/msg_srv_action_interface_example/include/msg_srv_action_interface_example/msg/detail/arithmetic_argument__rosidl_typesupport_fastrtps_c.h
[7.452s] -- Symlinking: /home/chad/ros2_ws/src/install/msg_srv_action_interface_example/include/msg_srv_action_interface_example/msg/rosidl_typesupport_fastrtps_c__visibility_control.h
[7.461s] -- Symlinking: /home/chad/ros2_ws/src/install/msg_srv_action_interface_example/include/msg_srv_action_interface_example/srv/detail/arithmetic_operator__rosidl_typesupport_fastrtps_c.h
[7.472s] -- Symlinking: /home/chad/ros2_ws/src/install/msg_srv_action_interface_example/lib/libmsg_srv_action_interface_example__rosidl_typesupport_fastrtps_c.so
[7.483s] -- Symlinking: /home/chad/ros2_ws/src/install/msg_srv_action_interface_example/include/msg_srv_action_interface_example/action/detail/arithmetic_checker__rosidl_typesupport_fastrtps_cpp.hpp
[7.498s] -- Symlinking: /home/chad/ros2_ws/src/install/msg_srv_action_interface_example/include/msg_srv_action_interface_example/msg/detail/arithmetic_argument__rosidl_typesupport_fastrtps_cpp.hpp
[7.513s] -- Symlinking: /home/chad/ros2_ws/src/install/msg_srv_action_interface_example/include/msg_srv_action_interface_example/msg/rosidl_typesupport_fastrtps_cpp__visibility_control.h
[7.523s] -- Symlinking: /home/chad/ros2_ws/src/install/msg_srv_action_interface_example/include/msg_srv_action_interface_example/srv/detail/arithmetic_operator__rosidl_typesupport_fastrtps_cpp.hpp
[7.533s] -- Symlinking: /home/chad/ros2_ws/src/install/msg_srv_action_interface_example/lib/libmsg_srv_action_interface_example__rosidl_typesupport_fastrtps_cpp.so
[7.548s] -- Symlinking: /home/chad/ros2_ws/src/install/msg_srv_action_interface_example/include/msg_srv_action_interface_example/action/detail/arithmetic_checker__rosidl_typesupport_introspection_c.h
[7.559s] -- Symlinking: /home/chad/ros2_ws/src/install/msg_srv_action_interface_example/include/msg_srv_action_interface_example/msg/detail/arithmetic_argument__rosidl_typesupport_introspection_c.h
[7.568s] -- Symlinking: /home/chad/ros2_ws/src/install/msg_srv_action_interface_example/include/msg_srv_action_interface_example/msg/rosidl_typesupport_introspection_c__visibility_control.h
[7.583s] -- Symlinking: /home/chad/ros2_ws/src/install/msg_srv_action_interface_example/include/msg_srv_action_interface_example/srv/detail/arithmetic_operator__rosidl_typesupport_introspection_c.h
[7.599s] -- Symlinking: /home/chad/ros2_ws/src/install/msg_srv_action_interface_example/include/msg_srv_action_interface_example/action/arithmetic_checker.hpp
[7.615s] -- Symlinking: /home/chad/ros2_ws/src/install/msg_srv_action_interface_example/include/msg_srv_action_interface_example/action/detail/arithmetic_checker__builder.hpp
[7.625s] -- Symlinking: /home/chad/ros2_ws/src/install/msg_srv_action_interface_example/include/msg_srv_action_interface_example/action/detail/arithmetic_checker__struct.hpp
[7.639s] -- Symlinking: /home/chad/ros2_ws/src/install/msg_srv_action_interface_example/include/msg_srv_action_interface_example/action/detail/arithmetic_checker__traits.hpp
[7.650s] -- Symlinking: /home/chad/ros2_ws/src/install/msg_srv_action_interface_example/include/msg_srv_action_interface_example/action/detail/arithmetic_checker__type_support.hpp
[7.666s] -- Symlinking: /home/chad/ros2_ws/src/install/msg_srv_action_interface_example/include/msg_srv_action_interface_example/msg/arithmetic_argument.hpp
[7.677s] -- Symlinking: /home/chad/ros2_ws/src/install/msg_srv_action_interface_example/include/msg_srv_action_interface_example/msg/detail/arithmetic_argument__builder.hpp
[7.690s] -- Symlinking: /home/chad/ros2_ws/src/install/msg_srv_action_interface_example/include/msg_srv_action_interface_example/msg/detail/arithmetic_argument__struct.hpp
[7.699s] -- Symlinking: /home/chad/ros2_ws/src/install/msg_srv_action_interface_example/include/msg_srv_action_interface_example/msg/detail/arithmetic_argument__traits.hpp
[7.709s] -- Symlinking: /home/chad/ros2_ws/src/install/msg_srv_action_interface_example/include/msg_srv_action_interface_example/msg/detail/arithmetic_argument__type_support.hpp
[7.722s] -- Symlinking: /home/chad/ros2_ws/src/install/msg_srv_action_interface_example/include/msg_srv_action_interface_example/msg/rosidl_generator_cpp__visibility_control.hpp
[7.733s] -- Symlinking: /home/chad/ros2_ws/src/install/msg_srv_action_interface_example/include/msg_srv_action_interface_example/srv/arithmetic_operator.hpp
[7.746s] -- Symlinking: /home/chad/ros2_ws/src/install/msg_srv_action_interface_example/include/msg_srv_action_interface_example/srv/detail/arithmetic_operator__builder.hpp
[7.756s] -- Symlinking: /home/chad/ros2_ws/src/install/msg_srv_action_interface_example/include/msg_srv_action_interface_example/srv/detail/arithmetic_operator__struct.hpp
[7.771s] -- Symlinking: /home/chad/ros2_ws/src/install/msg_srv_action_interface_example/include/msg_srv_action_interface_example/srv/detail/arithmetic_operator__traits.hpp
[7.782s] -- Symlinking: /home/chad/ros2_ws/src/install/msg_srv_action_interface_example/include/msg_srv_action_interface_example/srv/detail/arithmetic_operator__type_support.hpp
[7.792s] -- Symlinking: /home/chad/ros2_ws/src/install/msg_srv_action_interface_example/include/msg_srv_action_interface_example/action/detail/arithmetic_checker__rosidl_typesupport_introspection_cpp.hpp
[7.807s] -- Symlinking: /home/chad/ros2_ws/src/install/msg_srv_action_interface_example/include/msg_srv_action_interface_example/msg/detail/arithmetic_argument__rosidl_typesupport_introspection_cpp.hpp
[7.817s] -- Symlinking: /home/chad/ros2_ws/src/install/msg_srv_action_interface_example/include/msg_srv_action_interface_example/srv/detail/arithmetic_operator__rosidl_typesupport_introspection_cpp.hpp
[7.827s] -- Symlinking: /home/chad/ros2_ws/src/install/msg_srv_action_interface_example/share/msg_srv_action_interface_example/environment/pythonpath.sh
[7.839s] -- Symlinking: /home/chad/ros2_ws/src/install/msg_srv_action_interface_example/share/msg_srv_action_interface_example/environment/pythonpath.dsv
[7.849s] -- Symlinking: /home/chad/ros2_ws/src/install/msg_srv_action_interface_example/lib/python3.8/site-packages/msg_srv_action_interface_example/__init__.py
[7.859s] -- Symlinking: /home/chad/ros2_ws/src/install/msg_srv_action_interface_example/lib/python3.8/site-packages/msg_srv_action_interface_example/msg/__init__.py
[7.868s] -- Symlinking: /home/chad/ros2_ws/src/install/msg_srv_action_interface_example/lib/python3.8/site-packages/msg_srv_action_interface_example/msg/_arithmetic_argument.py
[7.882s] -- Symlinking: /home/chad/ros2_ws/src/install/msg_srv_action_interface_example/lib/python3.8/site-packages/msg_srv_action_interface_example/srv/__init__.py
[7.892s] -- Symlinking: /home/chad/ros2_ws/src/install/msg_srv_action_interface_example/lib/python3.8/site-packages/msg_srv_action_interface_example/srv/_arithmetic_operator.py
[7.903s] -- Symlinking: /home/chad/ros2_ws/src/install/msg_srv_action_interface_example/lib/python3.8/site-packages/msg_srv_action_interface_example/action/__init__.py
[7.914s] -- Symlinking: /home/chad/ros2_ws/src/install/msg_srv_action_interface_example/lib/python3.8/site-packages/msg_srv_action_interface_example/action/_arithmetic_checker.py
[7.925s] -- Symlinking: /home/chad/ros2_ws/src/install/msg_srv_action_interface_example/lib/python3.8/site-packages/msg_srv_action_interface_example/msg_srv_action_interface_example_s__rosidl_typesupport_fastrtps_c.cpython-38-x86_64-linux-gnu.so
[7.939s] -- Symlinking: /home/chad/ros2_ws/src/install/msg_srv_action_interface_example/lib/python3.8/site-packages/msg_srv_action_interface_example/msg_srv_action_interface_example_s__rosidl_typesupport_introspection_c.cpython-38-x86_64-linux-gnu.so
[7.950s] -- Symlinking: /home/chad/ros2_ws/src/install/msg_srv_action_interface_example/lib/python3.8/site-packages/msg_srv_action_interface_example/msg_srv_action_interface_example_s__rosidl_typesupport_c.cpython-38-x86_64-linux-gnu.so
[7.964s] -- Symlinking: /home/chad/ros2_ws/src/install/msg_srv_action_interface_example/lib/libmsg_srv_action_interface_example__python.so
[7.977s] -- Symlinking: /home/chad/ros2_ws/src/install/msg_srv_action_interface_example/share/msg_srv_action_interface_example/msg/ArithmeticArgument.idl
[7.987s] -- Symlinking: /home/chad/ros2_ws/src/install/msg_srv_action_interface_example/share/msg_srv_action_interface_example/srv/ArithmeticOperator.idl
[7.998s] -- Symlinking: /home/chad/ros2_ws/src/install/msg_srv_action_interface_example/share/msg_srv_action_interface_example/action/ArithmeticChecker.idl
[8.009s] -- Symlinking: /home/chad/ros2_ws/src/install/msg_srv_action_interface_example/share/msg_srv_action_interface_example/msg/ArithmeticArgument.msg
[8.021s] -- Symlinking: /home/chad/ros2_ws/src/install/msg_srv_action_interface_example/share/msg_srv_action_interface_example/srv/ArithmeticOperator.srv
[8.034s] -- Symlinking: /home/chad/ros2_ws/src/install/msg_srv_action_interface_example/share/msg_srv_action_interface_example/srv/ArithmeticOperator_Request.msg
[8.046s] -- Symlinking: /home/chad/ros2_ws/src/install/msg_srv_action_interface_example/share/msg_srv_action_interface_example/srv/ArithmeticOperator_Response.msg
[8.056s] -- Symlinking: /home/chad/ros2_ws/src/install/msg_srv_action_interface_example/share/msg_srv_action_interface_example/action/ArithmeticChecker.action
[8.066s] -- Symlinking: /home/chad/ros2_ws/src/install/msg_srv_action_interface_example/share/ament_index/resource_index/package_run_dependencies/msg_srv_action_interface_example
[8.076s] -- Symlinking: /home/chad/ros2_ws/src/install/msg_srv_action_interface_example/share/ament_index/resource_index/parent_prefix_path/msg_srv_action_interface_example
[8.086s] -- Symlinking: /home/chad/ros2_ws/src/install/msg_srv_action_interface_example/share/msg_srv_action_interface_example/environment/ament_prefix_path.sh
[8.096s] -- Symlinking: /home/chad/ros2_ws/src/install/msg_srv_action_interface_example/share/msg_srv_action_interface_example/environment/ament_prefix_path.dsv
[8.111s] -- Symlinking: /home/chad/ros2_ws/src/install/msg_srv_action_interface_example/share/msg_srv_action_interface_example/environment/path.sh
[8.125s] -- Symlinking: /home/chad/ros2_ws/src/install/msg_srv_action_interface_example/share/msg_srv_action_interface_example/environment/path.dsv
[8.142s] -- Symlinking: /home/chad/ros2_ws/src/install/msg_srv_action_interface_example/share/msg_srv_action_interface_example/local_setup.bash
[8.153s] -- Symlinking: /home/chad/ros2_ws/src/install/msg_srv_action_interface_example/share/msg_srv_action_interface_example/local_setup.sh
[8.164s] -- Symlinking: /home/chad/ros2_ws/src/install/msg_srv_action_interface_example/share/msg_srv_action_interface_example/local_setup.zsh
[8.179s] -- Symlinking: /home/chad/ros2_ws/src/install/msg_srv_action_interface_example/share/msg_srv_action_interface_example/local_setup.dsv
[8.194s] -- Symlinking: /home/chad/ros2_ws/src/install/msg_srv_action_interface_example/share/msg_srv_action_interface_example/package.dsv
[8.207s] -- Symlinking: /home/chad/ros2_ws/src/install/msg_srv_action_interface_example/share/ament_index/resource_index/packages/msg_srv_action_interface_example
[8.218s] -- Symlinking: /home/chad/ros2_ws/src/install/msg_srv_action_interface_example/share/msg_srv_action_interface_example/cmake/rosidl_cmake-extras.cmake
[8.229s] -- Symlinking: /home/chad/ros2_ws/src/install/msg_srv_action_interface_example/share/msg_srv_action_interface_example/cmake/ament_cmake_export_dependencies-extras.cmake
[8.244s] -- Symlinking: /home/chad/ros2_ws/src/install/msg_srv_action_interface_example/share/msg_srv_action_interface_example/cmake/ament_cmake_export_libraries-extras.cmake
[8.259s] -- Symlinking: /home/chad/ros2_ws/src/install/msg_srv_action_interface_example/share/msg_srv_action_interface_example/cmake/ament_cmake_export_targets-extras.cmake
[8.270s] -- Symlinking: /home/chad/ros2_ws/src/install/msg_srv_action_interface_example/share/msg_srv_action_interface_example/cmake/ament_cmake_export_include_directories-extras.cmake
[8.283s] -- Symlinking: /home/chad/ros2_ws/src/install/msg_srv_action_interface_example/share/msg_srv_action_interface_example/cmake/rosidl_cmake_export_typesupport_libraries-extras.cmake
[8.295s] -- Symlinking: /home/chad/ros2_ws/src/install/msg_srv_action_interface_example/share/msg_srv_action_interface_example/cmake/rosidl_cmake_export_typesupport_targets-extras.cmake
[8.307s] -- Symlinking: /home/chad/ros2_ws/src/install/msg_srv_action_interface_example/share/msg_srv_action_interface_example/cmake/msg_srv_action_interface_exampleConfig.cmake
[8.322s] -- Symlinking: /home/chad/ros2_ws/src/install/msg_srv_action_interface_example/share/msg_srv_action_interface_example/cmake/msg_srv_action_interface_exampleConfig-version.cmake
[8.333s] -- Symlinking: /home/chad/ros2_ws/src/install/msg_srv_action_interface_example/share/msg_srv_action_interface_example/package.xml
[8.345s] -- Installing: /home/chad/ros2_ws/src/install/msg_srv_action_interface_example/lib/libmsg_srv_action_interface_example__rosidl_generator_c.so
[8.346s] -- Set runtime path of "/home/chad/ros2_ws/src/install/msg_srv_action_interface_example/lib/libmsg_srv_action_interface_example__rosidl_generator_c.so" to ""
[8.346s] -- Installing: /home/chad/ros2_ws/src/install/msg_srv_action_interface_example/lib/libmsg_srv_action_interface_example__rosidl_typesupport_introspection_c.so
[8.347s] -- Set runtime path of "/home/chad/ros2_ws/src/install/msg_srv_action_interface_example/lib/libmsg_srv_action_interface_example__rosidl_typesupport_introspection_c.so" to ""
[8.347s] -- Installing: /home/chad/ros2_ws/src/install/msg_srv_action_interface_example/lib/libmsg_srv_action_interface_example__rosidl_typesupport_c.so
[8.348s] -- Set runtime path of "/home/chad/ros2_ws/src/install/msg_srv_action_interface_example/lib/libmsg_srv_action_interface_example__rosidl_typesupport_c.so" to ""
[8.349s] -- Installing: /home/chad/ros2_ws/src/install/msg_srv_action_interface_example/lib/libmsg_srv_action_interface_example__rosidl_typesupport_introspection_cpp.so
[8.350s] -- Set runtime path of "/home/chad/ros2_ws/src/install/msg_srv_action_interface_example/lib/libmsg_srv_action_interface_example__rosidl_typesupport_introspection_cpp.so" to ""
[8.350s] -- Installing: /home/chad/ros2_ws/src/install/msg_srv_action_interface_example/lib/libmsg_srv_action_interface_example__rosidl_typesupport_cpp.so
[8.351s] -- Set runtime path of "/home/chad/ros2_ws/src/install/msg_srv_action_interface_example/lib/libmsg_srv_action_interface_example__rosidl_typesupport_cpp.so" to ""
[8.390s] Compiling '/home/chad/ros2_ws/src/install/msg_srv_action_interface_example/lib/python3.8/site-packages/msg_srv_action_interface_example/__init__.py'...
[8.395s] -- Installing: /home/chad/ros2_ws/src/install/msg_srv_action_interface_example/share/msg_srv_action_interface_example/cmake/msg_srv_action_interface_example__rosidl_generator_cExport.cmake
[8.396s] -- Installing: /home/chad/ros2_ws/src/install/msg_srv_action_interface_example/share/msg_srv_action_interface_example/cmake/msg_srv_action_interface_example__rosidl_generator_cExport-noconfig.cmake
[8.397s] -- Installing: /home/chad/ros2_ws/src/install/msg_srv_action_interface_example/share/msg_srv_action_interface_example/cmake/msg_srv_action_interface_example__rosidl_typesupport_introspection_cExport.cmake
[8.397s] -- Installing: /home/chad/ros2_ws/src/install/msg_srv_action_interface_example/share/msg_srv_action_interface_example/cmake/msg_srv_action_interface_example__rosidl_typesupport_introspection_cExport-noconfig.cmake
[8.398s] -- Installing: /home/chad/ros2_ws/src/install/msg_srv_action_interface_example/share/msg_srv_action_interface_example/cmake/msg_srv_action_interface_example__rosidl_typesupport_cExport.cmake
[8.399s] -- Installing: /home/chad/ros2_ws/src/install/msg_srv_action_interface_example/share/msg_srv_action_interface_example/cmake/msg_srv_action_interface_example__rosidl_typesupport_cExport-noconfig.cmake
[8.399s] -- Installing: /home/chad/ros2_ws/src/install/msg_srv_action_interface_example/share/msg_srv_action_interface_example/cmake/msg_srv_action_interface_example__rosidl_generator_cppExport.cmake
[8.400s] -- Installing: /home/chad/ros2_ws/src/install/msg_srv_action_interface_example/share/msg_srv_action_interface_example/cmake/msg_srv_action_interface_example__rosidl_typesupport_introspection_cppExport.cmake
[8.400s] -- Installing: /home/chad/ros2_ws/src/install/msg_srv_action_interface_example/share/msg_srv_action_interface_example/cmake/msg_srv_action_interface_example__rosidl_typesupport_introspection_cppExport-noconfig.cmake
[8.401s] -- Installing: /home/chad/ros2_ws/src/install/msg_srv_action_interface_example/share/msg_srv_action_interface_example/cmake/msg_srv_action_interface_example__rosidl_typesupport_cppExport.cmake
[8.401s] -- Installing: /home/chad/ros2_ws/src/install/msg_srv_action_interface_example/share/msg_srv_action_interface_example/cmake/msg_srv_action_interface_example__rosidl_typesupport_cppExport-noconfig.cmake
[8.405s] Invoked command in '/home/chad/ros2_ws/src/build/msg_srv_action_interface_example' returned '0': CMAKE_PREFIX_PATH=${CMAKE_PREFIX_PATH}:/opt/ros/foxy /usr/bin/cmake --install /home/chad/ros2_ws/src/build/msg_srv_action_interface_example
