[0.235s] DEBUG:colcon:Command line arguments: ['/usr/bin/colcon', 'build', '--symlink-install', '--packages-select', 'mujoco_sim_test']
[0.235s] DEBUG:colcon:Parsed command line arguments: Namespace(allow_overriding=[], ament_cmake_args=None, base_paths=['.'], build_base='build', catkin_cmake_args=None, catkin_skip_building_tests=False, cmake_args=None, cmake_clean_cache=False, cmake_clean_first=False, cmake_force_configure=False, cmake_target=None, cmake_target_skip_unavailable=False, continue_on_error=False, event_handlers=None, executor='parallel', ignore_user_meta=False, install_base='install', log_base=None, log_level=None, main=<bound method BuildVerb.main of <colcon_core.verb.build.BuildVerb object at 0x7fb90e121ac0>>, merge_install=False, metas=['./colcon.meta'], packages_above=None, packages_above_and_dependencies=None, packages_above_depth=None, packages_end=None, packages_ignore=None, packages_ignore_regex=None, packages_select=['mujoco_sim_test'], packages_select_build_failed=False, packages_select_by_dep=None, packages_select_regex=None, packages_select_test_failures=False, packages_skip=None, packages_skip_build_finished=False, packages_skip_by_dep=None, packages_skip_regex=None, packages_skip_test_passed=False, packages_skip_up_to=None, packages_start=None, packages_up_to=None, packages_up_to_regex=None, parallel_workers=12, paths=None, symlink_install=True, test_result_base=None, verb_extension=<colcon_core.verb.build.BuildVerb object at 0x7fb90e121ac0>, verb_name='build', verb_parser=<colcon_defaults.argument_parser.defaults.DefaultArgumentsDecorator object at 0x7fb90e121fa0>)
[0.410s] Level 1:colcon.colcon_core.package_discovery:discover_packages(colcon_meta) check parameters
[0.410s] Level 1:colcon.colcon_core.package_discovery:discover_packages(recursive) check parameters
[0.411s] Level 1:colcon.colcon_core.package_discovery:discover_packages(ignore) check parameters
[0.411s] Level 1:colcon.colcon_core.package_discovery:discover_packages(path) check parameters
[0.411s] Level 1:colcon.colcon_core.package_discovery:discover_packages(colcon_meta) discover
[0.411s] Level 1:colcon.colcon_core.package_discovery:discover_packages(recursive) discover
[0.411s] INFO:colcon.colcon_core.package_discovery:Crawling recursively for packages in '/home/chad/ros2_ws/src'
[0.411s] Level 1:colcon.colcon_core.package_identification:_identify(.) by extensions ['ignore', 'ignore_ament_install']
[0.411s] Level 1:colcon.colcon_core.package_identification:_identify(.) by extension 'ignore'
[0.411s] Level 1:colcon.colcon_core.package_identification:_identify(.) by extension 'ignore_ament_install'
[0.411s] Level 1:colcon.colcon_core.package_identification:_identify(.) by extensions ['colcon_pkg']
[0.411s] Level 1:colcon.colcon_core.package_identification:_identify(.) by extension 'colcon_pkg'
[0.411s] Level 1:colcon.colcon_core.package_identification:_identify(.) by extensions ['colcon_meta']
[0.411s] Level 1:colcon.colcon_core.package_identification:_identify(.) by extension 'colcon_meta'
[0.411s] Level 1:colcon.colcon_core.package_identification:_identify(.) by extensions ['ros']
[0.411s] Level 1:colcon.colcon_core.package_identification:_identify(.) by extension 'ros'
[0.422s] Level 1:colcon.colcon_core.package_identification:_identify(.) by extensions ['cmake', 'python']
[0.422s] Level 1:colcon.colcon_core.package_identification:_identify(.) by extension 'cmake'
[0.422s] Level 1:colcon.colcon_core.package_identification:_identify(.) by extension 'python'
[0.422s] Level 1:colcon.colcon_core.package_identification:_identify(.) by extensions ['python_setup_py']
[0.422s] Level 1:colcon.colcon_core.package_identification:_identify(.) by extension 'python_setup_py'
[0.422s] Level 1:colcon.colcon_core.package_identification:_identify(build) by extensions ['ignore', 'ignore_ament_install']
[0.422s] Level 1:colcon.colcon_core.package_identification:_identify(build) by extension 'ignore'
[0.423s] Level 1:colcon.colcon_core.package_identification:_identify(build) ignored
[0.423s] Level 1:colcon.colcon_core.package_identification:_identify(install) by extensions ['ignore', 'ignore_ament_install']
[0.423s] Level 1:colcon.colcon_core.package_identification:_identify(install) by extension 'ignore'
[0.423s] Level 1:colcon.colcon_core.package_identification:_identify(install) ignored
[0.423s] Level 1:colcon.colcon_core.package_identification:_identify(log) by extensions ['ignore', 'ignore_ament_install']
[0.423s] Level 1:colcon.colcon_core.package_identification:_identify(log) by extension 'ignore'
[0.423s] Level 1:colcon.colcon_core.package_identification:_identify(log) ignored
[0.423s] Level 1:colcon.colcon_core.package_identification:_identify(msg_srv_action_interface_example) by extensions ['ignore', 'ignore_ament_install']
[0.423s] Level 1:colcon.colcon_core.package_identification:_identify(msg_srv_action_interface_example) by extension 'ignore'
[0.423s] Level 1:colcon.colcon_core.package_identification:_identify(msg_srv_action_interface_example) by extension 'ignore_ament_install'
[0.423s] Level 1:colcon.colcon_core.package_identification:_identify(msg_srv_action_interface_example) by extensions ['colcon_pkg']
[0.423s] Level 1:colcon.colcon_core.package_identification:_identify(msg_srv_action_interface_example) by extension 'colcon_pkg'
[0.423s] Level 1:colcon.colcon_core.package_identification:_identify(msg_srv_action_interface_example) by extensions ['colcon_meta']
[0.424s] Level 1:colcon.colcon_core.package_identification:_identify(msg_srv_action_interface_example) by extension 'colcon_meta'
[0.424s] Level 1:colcon.colcon_core.package_identification:_identify(msg_srv_action_interface_example) by extensions ['ros']
[0.424s] Level 1:colcon.colcon_core.package_identification:_identify(msg_srv_action_interface_example) by extension 'ros'
[0.426s] DEBUG:colcon.colcon_core.package_identification:Package 'msg_srv_action_interface_example' with type 'ros.ament_cmake' and name 'msg_srv_action_interface_example'
[0.426s] Level 1:colcon.colcon_core.package_identification:_identify(mujoco_sim_test) by extensions ['ignore', 'ignore_ament_install']
[0.426s] Level 1:colcon.colcon_core.package_identification:_identify(mujoco_sim_test) by extension 'ignore'
[0.426s] Level 1:colcon.colcon_core.package_identification:_identify(mujoco_sim_test) by extension 'ignore_ament_install'
[0.426s] Level 1:colcon.colcon_core.package_identification:_identify(mujoco_sim_test) by extensions ['colcon_pkg']
[0.426s] Level 1:colcon.colcon_core.package_identification:_identify(mujoco_sim_test) by extension 'colcon_pkg'
[0.426s] Level 1:colcon.colcon_core.package_identification:_identify(mujoco_sim_test) by extensions ['colcon_meta']
[0.426s] Level 1:colcon.colcon_core.package_identification:_identify(mujoco_sim_test) by extension 'colcon_meta'
[0.426s] Level 1:colcon.colcon_core.package_identification:_identify(mujoco_sim_test) by extensions ['ros']
[0.426s] Level 1:colcon.colcon_core.package_identification:_identify(mujoco_sim_test) by extension 'ros'
[0.427s] DEBUG:colcon.colcon_core.package_identification:Package 'mujoco_sim_test' with type 'ros.ament_cmake' and name 'mujoco_sim_test'
[0.427s] Level 1:colcon.colcon_core.package_discovery:discover_packages(recursive) using defaults
[0.427s] Level 1:colcon.colcon_core.package_discovery:discover_packages(ignore) discover
[0.427s] Level 1:colcon.colcon_core.package_discovery:discover_packages(ignore) using defaults
[0.427s] Level 1:colcon.colcon_core.package_discovery:discover_packages(path) discover
[0.427s] Level 1:colcon.colcon_core.package_discovery:discover_packages(path) using defaults
[0.442s] INFO:colcon.colcon_core.package_selection:Skipping not selected package 'msg_srv_action_interface_example' in 'msg_srv_action_interface_example'
[0.442s] Level 1:colcon.colcon_core.package_discovery:discover_packages(prefix_path) check parameters
[0.443s] Level 1:colcon.colcon_core.package_discovery:discover_packages(prefix_path) discover
[0.444s] DEBUG:colcon.colcon_installed_package_information.package_discovery:Found 2 installed packages in /home/chad/ros2_ws/src/install
[0.445s] DEBUG:colcon.colcon_installed_package_information.package_discovery:Found 256 installed packages in /opt/ros/foxy
[0.448s] Level 1:colcon.colcon_core.package_discovery:discover_packages(prefix_path) using defaults
[0.518s] Level 5:colcon.colcon_core.verb:set package 'mujoco_sim_test' build argument 'cmake_args' from command line to 'None'
[0.518s] Level 5:colcon.colcon_core.verb:set package 'mujoco_sim_test' build argument 'cmake_target' from command line to 'None'
[0.518s] Level 5:colcon.colcon_core.verb:set package 'mujoco_sim_test' build argument 'cmake_target_skip_unavailable' from command line to 'False'
[0.518s] Level 5:colcon.colcon_core.verb:set package 'mujoco_sim_test' build argument 'cmake_clean_cache' from command line to 'False'
[0.518s] Level 5:colcon.colcon_core.verb:set package 'mujoco_sim_test' build argument 'cmake_clean_first' from command line to 'False'
[0.518s] Level 5:colcon.colcon_core.verb:set package 'mujoco_sim_test' build argument 'cmake_force_configure' from command line to 'False'
[0.518s] Level 5:colcon.colcon_core.verb:set package 'mujoco_sim_test' build argument 'ament_cmake_args' from command line to 'None'
[0.518s] Level 5:colcon.colcon_core.verb:set package 'mujoco_sim_test' build argument 'catkin_cmake_args' from command line to 'None'
[0.518s] Level 5:colcon.colcon_core.verb:set package 'mujoco_sim_test' build argument 'catkin_skip_building_tests' from command line to 'False'
[0.518s] DEBUG:colcon.colcon_core.verb:Building package 'mujoco_sim_test' with the following arguments: {'ament_cmake_args': None, 'build_base': '/home/chad/ros2_ws/src/build/mujoco_sim_test', 'catkin_cmake_args': None, 'catkin_skip_building_tests': False, 'cmake_args': None, 'cmake_clean_cache': False, 'cmake_clean_first': False, 'cmake_force_configure': False, 'cmake_target': None, 'cmake_target_skip_unavailable': False, 'install_base': '/home/chad/ros2_ws/src/install/mujoco_sim_test', 'merge_install': False, 'path': '/home/chad/ros2_ws/src/mujoco_sim_test', 'symlink_install': True, 'test_result_base': None}
[0.518s] INFO:colcon.colcon_core.executor:Executing jobs using 'parallel' executor
[0.519s] DEBUG:colcon.colcon_parallel_executor.executor.parallel:run_until_complete
[0.519s] INFO:colcon.colcon_ros.task.ament_cmake.build:Building ROS package in '/home/chad/ros2_ws/src/mujoco_sim_test' with build type 'ament_cmake'
[0.519s] INFO:colcon.colcon_cmake.task.cmake.build:Building CMake package in '/home/chad/ros2_ws/src/mujoco_sim_test'
[0.522s] INFO:colcon.colcon_core.plugin_system:Skipping extension 'colcon_core.shell.bat': Not used on non-Windows systems
[0.522s] INFO:colcon.colcon_core.shell:Skip shell extension 'powershell' for command environment: Not usable outside of PowerShell
[0.522s] DEBUG:colcon.colcon_core.shell:Skip shell extension 'dsv' for command environment
[0.543s] DEBUG:colcon.colcon_core.event_handler.log_command:Invoking command in '/home/chad/ros2_ws/src/build/mujoco_sim_test': AMENT_PREFIX_PATH=/home/chad/ros2_ws/src/install/msg_srv_action_interface_example:${AMENT_PREFIX_PATH} CMAKE_PREFIX_PATH=/home/chad/ros2_ws/src/install/msg_srv_action_interface_example:/home/chad/ros2_ws/src/install/mujoco_sim_test:/opt/ros/foxy LD_LIBRARY_PATH=/home/chad/ros2_ws/src/install/msg_srv_action_interface_example/lib:${LD_LIBRARY_PATH} PYTHONPATH=/home/chad/ros2_ws/src/install/msg_srv_action_interface_example/lib/python3.8/site-packages:${PYTHONPATH} /usr/bin/cmake --build /home/chad/ros2_ws/src/build/mujoco_sim_test -- -j12 -l12
[5.982s] DEBUG:colcon.colcon_core.event_handler.log_command:Invoked command in '/home/chad/ros2_ws/src/build/mujoco_sim_test' returned '0': AMENT_PREFIX_PATH=/home/chad/ros2_ws/src/install/msg_srv_action_interface_example:${AMENT_PREFIX_PATH} CMAKE_PREFIX_PATH=/home/chad/ros2_ws/src/install/msg_srv_action_interface_example:/home/chad/ros2_ws/src/install/mujoco_sim_test:/opt/ros/foxy LD_LIBRARY_PATH=/home/chad/ros2_ws/src/install/msg_srv_action_interface_example/lib:${LD_LIBRARY_PATH} PYTHONPATH=/home/chad/ros2_ws/src/install/msg_srv_action_interface_example/lib/python3.8/site-packages:${PYTHONPATH} /usr/bin/cmake --build /home/chad/ros2_ws/src/build/mujoco_sim_test -- -j12 -l12
[6.040s] DEBUG:colcon.colcon_core.event_handler.log_command:Invoking command in '/home/chad/ros2_ws/src/build/mujoco_sim_test': AMENT_PREFIX_PATH=/home/chad/ros2_ws/src/install/msg_srv_action_interface_example:${AMENT_PREFIX_PATH} CMAKE_PREFIX_PATH=/home/chad/ros2_ws/src/install/msg_srv_action_interface_example:/home/chad/ros2_ws/src/install/mujoco_sim_test:/opt/ros/foxy LD_LIBRARY_PATH=/home/chad/ros2_ws/src/install/msg_srv_action_interface_example/lib:${LD_LIBRARY_PATH} PYTHONPATH=/home/chad/ros2_ws/src/install/msg_srv_action_interface_example/lib/python3.8/site-packages:${PYTHONPATH} /usr/bin/cmake --install /home/chad/ros2_ws/src/build/mujoco_sim_test
[6.079s] Level 1:colcon.colcon_core.environment:create_environment_scripts_only(mujoco_sim_test)
[6.080s] DEBUG:colcon.colcon_core.event_handler.log_command:Invoked command in '/home/chad/ros2_ws/src/build/mujoco_sim_test' returned '0': AMENT_PREFIX_PATH=/home/chad/ros2_ws/src/install/msg_srv_action_interface_example:${AMENT_PREFIX_PATH} CMAKE_PREFIX_PATH=/home/chad/ros2_ws/src/install/msg_srv_action_interface_example:/home/chad/ros2_ws/src/install/mujoco_sim_test:/opt/ros/foxy LD_LIBRARY_PATH=/home/chad/ros2_ws/src/install/msg_srv_action_interface_example/lib:${LD_LIBRARY_PATH} PYTHONPATH=/home/chad/ros2_ws/src/install/msg_srv_action_interface_example/lib/python3.8/site-packages:${PYTHONPATH} /usr/bin/cmake --install /home/chad/ros2_ws/src/build/mujoco_sim_test
[6.085s] Level 1:colcon.colcon_core.environment:checking '/home/chad/ros2_ws/src/install/mujoco_sim_test' for CMake module files
[6.086s] Level 1:colcon.colcon_core.environment:checking '/home/chad/ros2_ws/src/install/mujoco_sim_test' for CMake config files
[6.086s] Level 1:colcon.colcon_core.shell:create_environment_hook('mujoco_sim_test', 'cmake_prefix_path')
[6.087s] INFO:colcon.colcon_core.shell:Creating environment hook '/home/chad/ros2_ws/src/install/mujoco_sim_test/share/mujoco_sim_test/hook/cmake_prefix_path.ps1'
[6.088s] INFO:colcon.colcon_core.shell:Creating environment descriptor '/home/chad/ros2_ws/src/install/mujoco_sim_test/share/mujoco_sim_test/hook/cmake_prefix_path.dsv'
[6.089s] INFO:colcon.colcon_core.shell:Creating environment hook '/home/chad/ros2_ws/src/install/mujoco_sim_test/share/mujoco_sim_test/hook/cmake_prefix_path.sh'
[6.091s] Level 1:colcon.colcon_core.environment:checking '/home/chad/ros2_ws/src/install/mujoco_sim_test/lib'
[6.091s] Level 1:colcon.colcon_core.environment:checking '/home/chad/ros2_ws/src/install/mujoco_sim_test/bin'
[6.091s] Level 1:colcon.colcon_core.environment:checking '/home/chad/ros2_ws/src/install/mujoco_sim_test/lib/pkgconfig/mujoco_sim_test.pc'
[6.092s] Level 1:colcon.colcon_core.environment:checking '/home/chad/ros2_ws/src/install/mujoco_sim_test/lib/python3.8/site-packages'
[6.092s] Level 1:colcon.colcon_core.environment:checking '/home/chad/ros2_ws/src/install/mujoco_sim_test/bin'
[6.092s] INFO:colcon.colcon_core.shell:Creating package script '/home/chad/ros2_ws/src/install/mujoco_sim_test/share/mujoco_sim_test/package.ps1'
[6.093s] INFO:colcon.colcon_core.shell:Creating package descriptor '/home/chad/ros2_ws/src/install/mujoco_sim_test/share/mujoco_sim_test/package.dsv'
[6.094s] INFO:colcon.colcon_core.shell:Creating package script '/home/chad/ros2_ws/src/install/mujoco_sim_test/share/mujoco_sim_test/package.sh'
[6.094s] INFO:colcon.colcon_core.shell:Creating package script '/home/chad/ros2_ws/src/install/mujoco_sim_test/share/mujoco_sim_test/package.bash'
[6.095s] INFO:colcon.colcon_core.shell:Creating package script '/home/chad/ros2_ws/src/install/mujoco_sim_test/share/mujoco_sim_test/package.zsh'
[6.096s] Level 1:colcon.colcon_core.environment:create_file_with_runtime_dependencies(/home/chad/ros2_ws/src/install/mujoco_sim_test/share/colcon-core/packages/mujoco_sim_test)
[6.135s] Level 1:colcon.colcon_core.environment:create_environment_scripts_only(mujoco_sim_test)
[6.136s] Level 1:colcon.colcon_core.environment:checking '/home/chad/ros2_ws/src/install/mujoco_sim_test' for CMake module files
[6.137s] Level 1:colcon.colcon_core.environment:checking '/home/chad/ros2_ws/src/install/mujoco_sim_test' for CMake config files
[6.138s] Level 1:colcon.colcon_core.shell:create_environment_hook('mujoco_sim_test', 'cmake_prefix_path')
[6.138s] INFO:colcon.colcon_core.shell:Creating environment hook '/home/chad/ros2_ws/src/install/mujoco_sim_test/share/mujoco_sim_test/hook/cmake_prefix_path.ps1'
[6.139s] INFO:colcon.colcon_core.shell:Creating environment descriptor '/home/chad/ros2_ws/src/install/mujoco_sim_test/share/mujoco_sim_test/hook/cmake_prefix_path.dsv'
[6.140s] INFO:colcon.colcon_core.shell:Creating environment hook '/home/chad/ros2_ws/src/install/mujoco_sim_test/share/mujoco_sim_test/hook/cmake_prefix_path.sh'
[6.141s] Level 1:colcon.colcon_core.environment:checking '/home/chad/ros2_ws/src/install/mujoco_sim_test/lib'
[6.141s] Level 1:colcon.colcon_core.environment:checking '/home/chad/ros2_ws/src/install/mujoco_sim_test/bin'
[6.142s] Level 1:colcon.colcon_core.environment:checking '/home/chad/ros2_ws/src/install/mujoco_sim_test/lib/pkgconfig/mujoco_sim_test.pc'
[6.142s] Level 1:colcon.colcon_core.environment:checking '/home/chad/ros2_ws/src/install/mujoco_sim_test/lib/python3.8/site-packages'
[6.143s] Level 1:colcon.colcon_core.environment:checking '/home/chad/ros2_ws/src/install/mujoco_sim_test/bin'
[6.143s] INFO:colcon.colcon_core.shell:Creating package script '/home/chad/ros2_ws/src/install/mujoco_sim_test/share/mujoco_sim_test/package.ps1'
[6.144s] INFO:colcon.colcon_core.shell:Creating package descriptor '/home/chad/ros2_ws/src/install/mujoco_sim_test/share/mujoco_sim_test/package.dsv'
[6.145s] INFO:colcon.colcon_core.shell:Creating package script '/home/chad/ros2_ws/src/install/mujoco_sim_test/share/mujoco_sim_test/package.sh'
[6.145s] INFO:colcon.colcon_core.shell:Creating package script '/home/chad/ros2_ws/src/install/mujoco_sim_test/share/mujoco_sim_test/package.bash'
[6.146s] INFO:colcon.colcon_core.shell:Creating package script '/home/chad/ros2_ws/src/install/mujoco_sim_test/share/mujoco_sim_test/package.zsh'
[6.146s] Level 1:colcon.colcon_core.environment:create_file_with_runtime_dependencies(/home/chad/ros2_ws/src/install/mujoco_sim_test/share/colcon-core/packages/mujoco_sim_test)
[6.147s] DEBUG:colcon.colcon_parallel_executor.executor.parallel:closing loop
[6.147s] DEBUG:colcon.colcon_parallel_executor.executor.parallel:loop closed
[6.147s] DEBUG:colcon.colcon_parallel_executor.executor.parallel:run_until_complete finished with '0'
[6.148s] DEBUG:colcon.colcon_core.event_reactor:joining thread
[6.157s] INFO:colcon.colcon_core.plugin_system:Skipping extension 'colcon_notification.desktop_notification.terminal_notifier': Not used on non-Darwin systems
[6.157s] INFO:colcon.colcon_core.plugin_system:Skipping extension 'colcon_notification.desktop_notification.win32': Not used on non-Windows systems
[6.157s] INFO:colcon.colcon_notification.desktop_notification:Sending desktop notification using 'notify2'
[6.179s] DEBUG:colcon.colcon_core.event_reactor:joined thread
[6.180s] INFO:colcon.colcon_core.shell:Creating prefix script '/home/chad/ros2_ws/src/install/local_setup.ps1'
[6.182s] INFO:colcon.colcon_core.shell:Creating prefix util module '/home/chad/ros2_ws/src/install/_local_setup_util_ps1.py'
[6.186s] INFO:colcon.colcon_core.shell:Creating prefix chain script '/home/chad/ros2_ws/src/install/setup.ps1'
[6.188s] INFO:colcon.colcon_core.shell:Creating prefix script '/home/chad/ros2_ws/src/install/local_setup.sh'
[6.189s] INFO:colcon.colcon_core.shell:Creating prefix util module '/home/chad/ros2_ws/src/install/_local_setup_util_sh.py'
[6.190s] INFO:colcon.colcon_core.shell:Creating prefix chain script '/home/chad/ros2_ws/src/install/setup.sh'
[6.191s] INFO:colcon.colcon_core.shell:Creating prefix script '/home/chad/ros2_ws/src/install/local_setup.bash'
[6.192s] INFO:colcon.colcon_core.shell:Creating prefix chain script '/home/chad/ros2_ws/src/install/setup.bash'
[6.194s] INFO:colcon.colcon_core.shell:Creating prefix script '/home/chad/ros2_ws/src/install/local_setup.zsh'
[6.195s] INFO:colcon.colcon_core.shell:Creating prefix chain script '/home/chad/ros2_ws/src/install/setup.zsh'
